<?xml version="1.0" encoding="utf-8"?><testsuites><testsuite time="0" tests="3" skipped="0" errors="3" failures="0" package="net.csslint" name="src/css/table.css"><testcase time="0" name="net.csslint.Disallowadjoiningclasses"><error message="Don't use adjoining classes."><![CDATA[25:1:.table.bottom-line td{]]></error></testcase><testcase time="0" name="net.csslint.Disallowadjoiningclasses"><error message="Don't use adjoining classes."><![CDATA[29:1:.table.hover tr:hover{]]></error></testcase><testcase time="0" name="net.csslint.Disallowadjoiningclasses"><error message="Don't use adjoining classes."><![CDATA[33:1:.table.highlight tr:nth-child(even){]]></error></testcase></testsuite><testsuite time="0" tests="2" skipped="0" errors="2" failures="0" package="net.csslint" name="src/css/Pit-panel/bulge.css"><testcase time="0" name="net.csslint.Disallowadjoiningclasses"><error message="Don't use adjoining classes."><![CDATA[12:1:.bulge.low{]]></error></testcase><testcase time="0" name="net.csslint.Disallowadjoiningclasses"><error message="Don't use adjoining classes."><![CDATA[18:1:.bulge.high{]]></error></testcase></testsuite><testsuite time="0" tests="6" skipped="0" errors="6" failures="0" package="net.csslint" name="src/css/Pit-panel/pit.css"><testcase time="0" name="net.csslint.Disallowadjoiningclasses"><error message="Don't use adjoining classes."><![CDATA[15:1:.pit.deep{]]></error></testcase><testcase time="0" name="net.csslint.Disallowadjoiningclasses"><error message="Don't use adjoining classes."><![CDATA[21:1:.pit.shallow{]]></error></testcase><testcase time="0" name="net.csslint.Disallowadjoiningclasses"><error message="Don't use adjoining classes."><![CDATA[27:1:.pit.sm{]]></error></testcase><testcase time="0" name="net.csslint.Disallowadjoiningclasses"><error message="Don't use adjoining classes."><![CDATA[32:1:.pit.md{]]></error></testcase><testcase time="0" name="net.csslint.Disallowadjoiningclasses"><error message="Don't use adjoining classes."><![CDATA[37:1:.pit.lg{]]></error></testcase><testcase time="0" name="net.csslint.Disallowadjoiningclasses"><error message="Don't use adjoining classes."><![CDATA[42:1:.pit.xl{]]></error></testcase></testsuite><testsuite time="0" tests="13" skipped="0" errors="13" failures="0" package="net.csslint" name="src/css/buttons/button-colors.css"><testcase time="0" name="net.csslint.Disallowadjoiningclasses"><error message="Don't use adjoining classes."><![CDATA[5:1:.btn.blue{]]></error></testcase><testcase time="0" name="net.csslint.Requirefallbackcolors"><error message="Fallback border (hex or RGB) should precede RGBA border."><![CDATA[7:2:	border: 1px solid rgba(18, 113, 235, 0.69);]]></error></testcase><testcase time="0" name="net.csslint.Disallowadjoiningclasses"><error message="Don't use adjoining classes."><![CDATA[11:1:.btn.grey{]]></error></testcase><testcase time="0" name="net.csslint.Requirefallbackcolors"><error message="Fallback border (hex or RGB) should precede RGBA border."><![CDATA[13:2:	border: solid 1px rgba(210, 210, 210, 0.69);]]></error></testcase><testcase time="0" name="net.csslint.Disallowadjoiningclasses"><error message="Don't use adjoining classes."><![CDATA[17:1:.btn.red{]]></error></testcase><testcase time="0" name="net.csslint.Requirefallbackcolors"><error message="Fallback border (hex or RGB) should precede RGBA border."><![CDATA[19:2:	border: 1px solid rgba(182, 85, 31, 0.69);]]></error></testcase><testcase time="0" name="net.csslint.Disallowadjoiningclasses"><error message="Don't use adjoining classes."><![CDATA[23:1:.btn.green{]]></error></testcase><testcase time="0" name="net.csslint.Requirefallbackcolors"><error message="Fallback border (hex or RGB) should precede RGBA border."><![CDATA[25:2:	border: 1px solid rgba(27, 167, 83, 0.69);]]></error></testcase><testcase time="0" name="net.csslint.Disallowadjoiningclasses"><error message="Don't use adjoining classes."><![CDATA[29:1:.btn.orange{]]></error></testcase><testcase time="0" name="net.csslint.Requirefallbackcolors"><error message="Fallback border (hex or RGB) should precede RGBA border."><![CDATA[31:2:	border: 1px solid rgba(189, 149, 24, 0.69);]]></error></testcase><testcase time="0" name="net.csslint.Disallowadjoiningclasses"><error message="Don't use adjoining classes."><![CDATA[35:1:.btn.pink{]]></error></testcase><testcase time="0" name="net.csslint.Disallowadjoiningclasses"><error message="Don't use adjoining classes."><![CDATA[41:1:.btn.peach{]]></error></testcase><testcase time="0" name="net.csslint.Disallowadjoiningclasses"><error message="Don't use adjoining classes."><![CDATA[47:1:.btn.white{]]></error></testcase></testsuite><testsuite time="0" tests="6" skipped="0" errors="6" failures="0" package="net.csslint" name="src/css/buttons/button.css"><testcase time="0" name="net.csslint.Requirefallbackcolors"><error message="Fallback border (hex or RGB) should precede RGBA border."><![CDATA[7:2:	border: solid 1px rgba(210, 210, 210, 0.69);]]></error></testcase><testcase time="0" name="net.csslint.Disallowoutline:none"><error message="Outlines shouldn't be hidden unless other visual changes are made."><![CDATA[19:1:.btn:focus{]]></error></testcase><testcase time="0" name="net.csslint.Disallowadjoiningclasses"><error message="Don't use adjoining classes."><![CDATA[43:10:.btn-sm, .btn.sm{]]></error></testcase><testcase time="0" name="net.csslint.Disallowadjoiningclasses"><error message="Don't use adjoining classes."><![CDATA[48:10:.btn-md, .btn.md{]]></error></testcase><testcase time="0" name="net.csslint.Disallowadjoiningclasses"><error message="Don't use adjoining classes."><![CDATA[58:10:.btn-lg, .btn.lg{]]></error></testcase><testcase time="0" name="net.csslint.Disallowadjoiningclasses"><error message="Don't use adjoining classes."><![CDATA[63:10:.btn-xl, .btn.xl{]]></error></testcase></testsuite><testsuite time="0" tests="4" skipped="0" errors="4" failures="0" package="net.csslint" name="src/css/buttons/buttonGroup.css"><testcase time="0" name="net.csslint.Requirefallbackcolors"><error message="Fallback border (hex or RGB) should precede RGBA border."><![CDATA[17:2:	border: solid 1px rgba(210, 210, 210, 0.69);]]></error></testcase><testcase time="0" name="net.csslint.Bewareofbrokenboxsize"><error message="Using height with border can sometimes make elements larger than you expect."><![CDATA[17:2:	border: solid 1px rgba(210, 210, 210, 0.69);]]></error></testcase><testcase time="0" name="net.csslint.Disallowoutline:none"><error message="Outlines shouldn't be hidden unless other visual changes are made."><![CDATA[29:1:.btn-group &gt; div:focus, .btn-group &gt; a:focus, .btn-group &gt; input[type=submit]:focus, .btn-group &gt; button:focus{]]></error></testcase><testcase time="0" name="net.csslint.Disallowuniversalselector"><error message="The universal selector (*) is known to be slow."><![CDATA[41:12:.btn-group *::-moz-focus-inner { ]]></error></testcase></testsuite><testsuite time="0" tests="9" skipped="0" errors="9" failures="0" package="net.csslint" name="src/css/display/display.css"><testcase time="0" name="net.csslint.Disallowuniversalselector"><error message="The universal selector (*) is known to be slow."><![CDATA[6:1:*{]]></error></testcase><testcase time="0" name="net.csslint.Disallowuseofbox-sizing"><error message="The box-sizing property isn't supported in IE6 and IE7."><![CDATA[9:5:    box-sizing: border-box;]]></error></testcase><testcase time="0" name="net.csslint.Bewareofbrokenboxsize"><error message="Using height with padding can sometimes make elements larger than you expect."><![CDATA[17:2:	padding: 15px;]]></error></testcase><testcase time="0" name="net.csslint.Bewareofbrokenboxsize"><error message="Using width with padding can sometimes make elements larger than you expect."><![CDATA[17:2:	padding: 15px;]]></error></testcase><testcase time="0" name="net.csslint.Disallow!important"><error message="Use of !important"><![CDATA[38:2:	display: none !important;]]></error></testcase><testcase time="0" name="net.csslint.Disallow!important"><error message="Use of !important"><![CDATA[46:2:	display: block !important;]]></error></testcase><testcase time="0" name="net.csslint.Disallow!important"><error message="Use of !important"><![CDATA[50:2:	position: fixed !important;]]></error></testcase><testcase time="0" name="net.csslint.Disallow!important"><error message="Use of !important"><![CDATA[59:3:		display: none !important;]]></error></testcase><testcase time="0" name="net.csslint.Disallow!important"><error message="Use of !important"><![CDATA[65:6:	    display: none !important;]]></error></testcase></testsuite><testsuite time="0" tests="1" skipped="0" errors="1" failures="0" package="net.csslint" name="src/css/dropdown/dropdown.css"><testcase time="0" name="net.csslint.Requirepropertiesappropriatefordisplay"><error message="float can't be used with display: inline-block."><![CDATA[58:2:	float: right;]]></error></testcase></testsuite><testsuite time="0" tests="3" skipped="0" errors="3" failures="0" package="net.csslint" name="src/css/dropdown/second-layer.css"><testcase time="0" name="net.csslint.Disallowadjoiningclasses"><error message="Don't use adjoining classes."><![CDATA[24:1:.dropdown.right-click{]]></error></testcase><testcase time="0" name="net.csslint.Disallow!important"><error message="Use of !important"><![CDATA[27:2:	margin-left: 0 !important;]]></error></testcase><testcase time="0" name="net.csslint.Disallowselectorsthatlooklikeregexs"><error message="Attribute selectors with *= are slow!"><![CDATA[31:21:	nav .dropdown li ul[class*=drop-]{]]></error></testcase></testsuite><testsuite time="0" tests="35" skipped="0" errors="35" failures="0" package="net.csslint" name="src/css/forms-comps/colors.css"><testcase time="0" name="net.csslint.Disallowadjoiningclasses"><error message="Don't use adjoining classes."><![CDATA[6:1:.form-comp.blue{]]></error></testcase><testcase time="0" name="net.csslint.Requirefallbackcolors"><error message="Fallback border-color (hex or RGB) should precede RGBA border-color."><![CDATA[7:2:	border-color: rgba(18, 113, 235, 0.69);]]></error></testcase><testcase time="0" name="net.csslint.Disallowadjoiningclasses"><error message="Don't use adjoining classes."><![CDATA[10:1:.form-comp.blue:active, .form-comp.blue:focus{]]></error></testcase><testcase time="0" name="net.csslint.Disallowadjoiningclasses"><error message="Don't use adjoining classes."><![CDATA[10:25:.form-comp.blue:active, .form-comp.blue:focus{]]></error></testcase><testcase time="0" name="net.csslint.Disallowadjoiningclasses"><error message="Don't use adjoining classes."><![CDATA[10:1:.form-comp.blue:active, .form-comp.blue:focus{]]></error></testcase><testcase time="0" name="net.csslint.Disallowadjoiningclasses"><error message="Don't use adjoining classes."><![CDATA[10:25:.form-comp.blue:active, .form-comp.blue:focus{]]></error></testcase><testcase time="0" name="net.csslint.Disallowadjoiningclasses"><error message="Don't use adjoining classes."><![CDATA[16:1:.form-comp.red{]]></error></testcase><testcase time="0" name="net.csslint.Requirefallbackcolors"><error message="Fallback border-color (hex or RGB) should precede RGBA border-color."><![CDATA[17:2:	border-color: rgba(182, 85, 31, 0.69);]]></error></testcase><testcase time="0" name="net.csslint.Disallowadjoiningclasses"><error message="Don't use adjoining classes."><![CDATA[20:1:.form-comp.red:active, .form-comp.red:focus{]]></error></testcase><testcase time="0" name="net.csslint.Disallowadjoiningclasses"><error message="Don't use adjoining classes."><![CDATA[20:24:.form-comp.red:active, .form-comp.red:focus{]]></error></testcase><testcase time="0" name="net.csslint.Disallowadjoiningclasses"><error message="Don't use adjoining classes."><![CDATA[20:24:.form-comp.red:active, .form-comp.red:focus{]]></error></testcase><testcase time="0" name="net.csslint.Disallowadjoiningclasses"><error message="Don't use adjoining classes."><![CDATA[20:1:.form-comp.red:active, .form-comp.red:focus{]]></error></testcase><testcase time="0" name="net.csslint.Disallowadjoiningclasses"><error message="Don't use adjoining classes."><![CDATA[26:1:.form-comp.green{]]></error></testcase><testcase time="0" name="net.csslint.Requirefallbackcolors"><error message="Fallback border-color (hex or RGB) should precede RGBA border-color."><![CDATA[27:2:	border-color: rgba(27, 167, 83, 0.69);]]></error></testcase><testcase time="0" name="net.csslint.Disallowadjoiningclasses"><error message="Don't use adjoining classes."><![CDATA[30:1:.form-comp.green:active, .form-comp.green:focus{]]></error></testcase><testcase time="0" name="net.csslint.Disallowadjoiningclasses"><error message="Don't use adjoining classes."><![CDATA[30:1:.form-comp.green:active, .form-comp.green:focus{]]></error></testcase><testcase time="0" name="net.csslint.Disallowadjoiningclasses"><error message="Don't use adjoining classes."><![CDATA[30:26:.form-comp.green:active, .form-comp.green:focus{]]></error></testcase><testcase time="0" name="net.csslint.Disallowadjoiningclasses"><error message="Don't use adjoining classes."><![CDATA[30:26:.form-comp.green:active, .form-comp.green:focus{]]></error></testcase><testcase time="0" name="net.csslint.Disallowadjoiningclasses"><error message="Don't use adjoining classes."><![CDATA[36:1:.form-comp.orange{]]></error></testcase><testcase time="0" name="net.csslint.Requirefallbackcolors"><error message="Fallback border-color (hex or RGB) should precede RGBA border-color."><![CDATA[37:2:	border-color: rgba(189, 149, 24, 0.69);]]></error></testcase><testcase time="0" name="net.csslint.Disallowadjoiningclasses"><error message="Don't use adjoining classes."><![CDATA[40:1:.form-comp.orange:active, .form-comp.orange:focus{]]></error></testcase><testcase time="0" name="net.csslint.Disallowadjoiningclasses"><error message="Don't use adjoining classes."><![CDATA[40:1:.form-comp.orange:active, .form-comp.orange:focus{]]></error></testcase><testcase time="0" name="net.csslint.Disallowadjoiningclasses"><error message="Don't use adjoining classes."><![CDATA[40:27:.form-comp.orange:active, .form-comp.orange:focus{]]></error></testcase><testcase time="0" name="net.csslint.Disallowadjoiningclasses"><error message="Don't use adjoining classes."><![CDATA[40:27:.form-comp.orange:active, .form-comp.orange:focus{]]></error></testcase><testcase time="0" name="net.csslint.Disallowadjoiningclasses"><error message="Don't use adjoining classes."><![CDATA[46:1:.form-comp.pink{]]></error></testcase><testcase time="0" name="net.csslint.Disallowadjoiningclasses"><error message="Don't use adjoining classes."><![CDATA[50:1:.form-comp.pink:active, .form-comp.pink:focus{]]></error></testcase><testcase time="0" name="net.csslint.Disallowadjoiningclasses"><error message="Don't use adjoining classes."><![CDATA[50:1:.form-comp.pink:active, .form-comp.pink:focus{]]></error></testcase><testcase time="0" name="net.csslint.Disallowadjoiningclasses"><error message="Don't use adjoining classes."><![CDATA[50:25:.form-comp.pink:active, .form-comp.pink:focus{]]></error></testcase><testcase time="0" name="net.csslint.Disallowadjoiningclasses"><error message="Don't use adjoining classes."><![CDATA[50:25:.form-comp.pink:active, .form-comp.pink:focus{]]></error></testcase><testcase time="0" name="net.csslint.Disallowadjoiningclasses"><error message="Don't use adjoining classes."><![CDATA[56:1:.form-comp.peach{]]></error></testcase><testcase time="0" name="net.csslint.Disallowadjoiningclasses"><error message="Don't use adjoining classes."><![CDATA[60:1:.form-comp.peach:active, .form-comp.peach:focus{]]></error></testcase><testcase time="0" name="net.csslint.Disallowadjoiningclasses"><error message="Don't use adjoining classes."><![CDATA[60:1:.form-comp.peach:active, .form-comp.peach:focus{]]></error></testcase><testcase time="0" name="net.csslint.Disallowadjoiningclasses"><error message="Don't use adjoining classes."><![CDATA[60:26:.form-comp.peach:active, .form-comp.peach:focus{]]></error></testcase><testcase time="0" name="net.csslint.Disallowadjoiningclasses"><error message="Don't use adjoining classes."><![CDATA[60:26:.form-comp.peach:active, .form-comp.peach:focus{]]></error></testcase><testcase time="0" name="net.csslint.Disallowadjoiningclasses"><error message="Don't use adjoining classes."><![CDATA[66:1:.form.white{]]></error></testcase></testsuite><testsuite time="0" tests="3" skipped="0" errors="3" failures="0" package="net.csslint" name="src/css/forms-comps/forms.css"><testcase time="0" name="net.csslint.Disallowadjoiningclasses"><error message="Don't use adjoining classes."><![CDATA[52:1:.form-comp.sm{]]></error></testcase><testcase time="0" name="net.csslint.Disallowadjoiningclasses"><error message="Don't use adjoining classes."><![CDATA[56:1:.form-comp.md{]]></error></testcase><testcase time="0" name="net.csslint.Disallowadjoiningclasses"><error message="Don't use adjoining classes."><![CDATA[60:1:.form-comp.lg{]]></error></testcase></testsuite><testsuite time="0" tests="4" skipped="0" errors="4" failures="0" package="net.csslint" name="src/css/forms-comps/textarea.css"><testcase time="0" name="net.csslint.Disallowoverqualifiedelements"><error message="Element (textarea.sm) is overqualified, just use .sm without element name."><![CDATA[10:1:textarea.sm{]]></error></testcase><testcase time="0" name="net.csslint.Disallowoverqualifiedelements"><error message="Element (textarea.md) is overqualified, just use .md without element name."><![CDATA[15:1:textarea.md{]]></error></testcase><testcase time="0" name="net.csslint.Disallowoverqualifiedelements"><error message="Element (textarea.lg) is overqualified, just use .lg without element name."><![CDATA[20:1:textarea.lg{]]></error></testcase><testcase time="0" name="net.csslint.Disallowoverqualifiedelements"><error message="Element (textarea.xl) is overqualified, just use .xl without element name."><![CDATA[25:1:textarea.xl{]]></error></testcase></testsuite><testsuite time="0" tests="24" skipped="0" errors="24" failures="0" package="net.csslint" name="src/css/grid/col.css"><testcase time="0" name="net.csslint.Disallowselectorsthatlooklikeregexs"><error message="Attribute selectors with *= are slow!"><![CDATA[6:1:[class*='col-']{]]></error></testcase><testcase time="0" name="net.csslint.Disallowunqualifiedattributeselectors"><error message="Unqualified attribute selectors are known to be slow."><![CDATA[6:1:[class*='col-']{]]></error></testcase><testcase time="0" name="net.csslint.Disallowunqualifiedattributeselectors"><error message="Unqualified attribute selectors are known to be slow."><![CDATA[13:1:.center[class*='col-']{]]></error></testcase><testcase time="0" name="net.csslint.Disallowselectorsthatlooklikeregexs"><error message="Attribute selectors with *= are slow!"><![CDATA[13:8:.center[class*='col-']{]]></error></testcase><testcase time="0" name="net.csslint.Disallowselectorsthatlooklikeregexs"><error message="Attribute selectors with *= are slow!"><![CDATA[17:8:.center[class*='col-']:not([class*='offset-']){]]></error></testcase><testcase time="0" name="net.csslint.Disallowunqualifiedattributeselectors"><error message="Unqualified attribute selectors are known to be slow."><![CDATA[17:1:.center[class*='col-']:not([class*='offset-']){]]></error></testcase><testcase time="0" name="net.csslint.Disallowselectorsthatlooklikeregexs"><error message="Attribute selectors with *= are slow!"><![CDATA[22:8:.center[class*='col-'] *{]]></error></testcase><testcase time="0" name="net.csslint.Disallowuniversalselector"><error message="The universal selector (*) is known to be slow."><![CDATA[22:24:.center[class*='col-'] *{]]></error></testcase><testcase time="0" name="net.csslint.Disallowselectorsthatlooklikeregexs"><error message="Attribute selectors with *= are slow!"><![CDATA[138:2:	[class*='col-'].sm:not([class*='mobile-off']){]]></error></testcase><testcase time="0" name="net.csslint.Disallowunqualifiedattributeselectors"><error message="Unqualified attribute selectors are known to be slow."><![CDATA[138:2:	[class*='col-'].sm:not([class*='mobile-off']){]]></error></testcase><testcase time="0" name="net.csslint.Disallowselectorsthatlooklikeregexs"><error message="Attribute selectors with *= are slow!"><![CDATA[142:2:	[class*='offset-'].sm:not([class*='mobile-off']){]]></error></testcase><testcase time="0" name="net.csslint.Disallowunqualifiedattributeselectors"><error message="Unqualified attribute selectors are known to be slow."><![CDATA[142:2:	[class*='offset-'].sm:not([class*='mobile-off']){]]></error></testcase><testcase time="0" name="net.csslint.Disallowselectorsthatlooklikeregexs"><error message="Attribute selectors with *= are slow!"><![CDATA[151:2:	[class*='col-'].md:not([class*='mobile-off']){]]></error></testcase><testcase time="0" name="net.csslint.Disallowunqualifiedattributeselectors"><error message="Unqualified attribute selectors are known to be slow."><![CDATA[151:2:	[class*='col-'].md:not([class*='mobile-off']){]]></error></testcase><testcase time="0" name="net.csslint.Disallowselectorsthatlooklikeregexs"><error message="Attribute selectors with *= are slow!"><![CDATA[155:2:	[class*='offset-'].md:not([class*='mobile-off']){]]></error></testcase><testcase time="0" name="net.csslint.Disallowunqualifiedattributeselectors"><error message="Unqualified attribute selectors are known to be slow."><![CDATA[155:2:	[class*='offset-'].md:not([class*='mobile-off']){]]></error></testcase><testcase time="0" name="net.csslint.Disallowselectorsthatlooklikeregexs"><error message="Attribute selectors with *= are slow!"><![CDATA[165:2:	[class*='col-']:not([class*='sm']):not([class*='mobile-off']){]]></error></testcase><testcase time="0" name="net.csslint.Disallowunqualifiedattributeselectors"><error message="Unqualified attribute selectors are known to be slow."><![CDATA[165:2:	[class*='col-']:not([class*='sm']):not([class*='mobile-off']){]]></error></testcase><testcase time="0" name="net.csslint.Disallowselectorsthatlooklikeregexs"><error message="Attribute selectors with *= are slow!"><![CDATA[170:2:	[class*='offset-']:not([class*='sm']):not([class*='mobile-off']){]]></error></testcase><testcase time="0" name="net.csslint.Disallowunqualifiedattributeselectors"><error message="Unqualified attribute selectors are known to be slow."><![CDATA[170:2:	[class*='offset-']:not([class*='sm']):not([class*='mobile-off']){]]></error></testcase><testcase time="0" name="net.csslint.Disallowselectorsthatlooklikeregexs"><error message="Attribute selectors with *= are slow!"><![CDATA[179:2:	[class*='col-'].lg:not([class*='mobile-off']){]]></error></testcase><testcase time="0" name="net.csslint.Disallowunqualifiedattributeselectors"><error message="Unqualified attribute selectors are known to be slow."><![CDATA[179:2:	[class*='col-'].lg:not([class*='mobile-off']){]]></error></testcase><testcase time="0" name="net.csslint.Disallowselectorsthatlooklikeregexs"><error message="Attribute selectors with *= are slow!"><![CDATA[184:2:	[class*='offset-'].lg:not([class*='mobile-off']){]]></error></testcase><testcase time="0" name="net.csslint.Disallowunqualifiedattributeselectors"><error message="Unqualified attribute selectors are known to be slow."><![CDATA[184:2:	[class*='offset-'].lg:not([class*='mobile-off']){]]></error></testcase></testsuite><testsuite time="0" tests="3" skipped="0" errors="3" failures="0" package="net.csslint" name="src/css/grid/color.css"><testcase time="0" name="net.csslint.Disallowselectorsthatlooklikeregexs"><error message="Attribute selectors with *= are slow!"><![CDATA[6:6:.grey[class*='col-']{]]></error></testcase><testcase time="0" name="net.csslint.Disallowunqualifiedattributeselectors"><error message="Unqualified attribute selectors are known to be slow."><![CDATA[6:1:.grey[class*='col-']{]]></error></testcase><testcase time="0" name="net.csslint.Disallow!important"><error message="Use of !important"><![CDATA[7:2:	background-color: #ccc !important;]]></error></testcase></testsuite><testsuite time="0" tests="10" skipped="0" errors="10" failures="0" package="net.csslint" name="src/css/images/collage.css"><testcase time="0" name="net.csslint.Requirestandardpropertywithvendorprefix"><error message="Standard property 'border-radius' should come after vendor-prefixed property '-moz-border-radius'."><![CDATA[10:2:	-moz-border-radius: 4px;]]></error></testcase><testcase time="0" name="net.csslint.Requirestandardpropertywithvendorprefix"><error message="Standard property 'border-radius' should come after vendor-prefixed property '-webkit-border-radius'."><![CDATA[11:2:	-webkit-border-radius: 4px;]]></error></testcase><testcase time="0" name="net.csslint.Requirestandardpropertywithvendorprefix"><error message="Standard property 'border-radius' should come after vendor-prefixed property '-moz-border-radius'."><![CDATA[24:2:	-moz-border-radius: 4px;]]></error></testcase><testcase time="0" name="net.csslint.Requirestandardpropertywithvendorprefix"><error message="Standard property 'border-radius' should come after vendor-prefixed property '-webkit-border-radius'."><![CDATA[25:2:	-webkit-border-radius: 4px;]]></error></testcase><testcase time="0" name="net.csslint.Bewareofbrokenboxsize"><error message="Using height with border can sometimes make elements larger than you expect."><![CDATA[30:2:	border: solid 3px white;]]></error></testcase><testcase time="0" name="net.csslint.Bewareofbrokenboxsize"><error message="Using width with border can sometimes make elements larger than you expect."><![CDATA[30:2:	border: solid 3px white;]]></error></testcase><testcase time="0" name="net.csslint.Disallowadjoiningclasses"><error message="Don't use adjoining classes."><![CDATA[33:1:.collage.four img:first-child, .collage.four img:nth-child(3){]]></error></testcase><testcase time="0" name="net.csslint.Disallowadjoiningclasses"><error message="Don't use adjoining classes."><![CDATA[33:32:.collage.four img:first-child, .collage.four img:nth-child(3){]]></error></testcase><testcase time="0" name="net.csslint.Disallowadjoiningclasses"><error message="Don't use adjoining classes."><![CDATA[37:1:.collage.four img:nth-child(2), .collage.four img:nth-child(4){	]]></error></testcase><testcase time="0" name="net.csslint.Disallowadjoiningclasses"><error message="Don't use adjoining classes."><![CDATA[37:33:.collage.four img:nth-child(2), .collage.four img:nth-child(4){	]]></error></testcase></testsuite><testsuite time="0" tests="10" skipped="0" errors="10" failures="0" package="net.csslint" name="src/css/images/lightbox.css"><testcase time="0" name="net.csslint.DisallowIDsinselectors"><error message="Don't use IDs in selectors."><![CDATA[6:1:#lightbox-bg{]]></error></testcase><testcase time="0" name="net.csslint.Requirefallbackcolors"><error message="Fallback background-color (hex or RGB) should precede RGBA background-color."><![CDATA[12:2:	background-color: rgba(0,0,0,.75);]]></error></testcase><testcase time="0" name="net.csslint.Disallow!important"><error message="Use of !important"><![CDATA[18:2:	width: 27% !important;]]></error></testcase><testcase time="0" name="net.csslint.Disallow!important"><error message="Use of !important"><![CDATA[19:2:	margin-left: auto !important;]]></error></testcase><testcase time="0" name="net.csslint.Disallow!important"><error message="Use of !important"><![CDATA[20:2:	margin-right: auto !important;]]></error></testcase><testcase time="0" name="net.csslint.Disallow!important"><error message="Use of !important"><![CDATA[21:2:	margin-top: 5% !important;]]></error></testcase><testcase time="0" name="net.csslint.Disallow!important"><error message="Use of !important"><![CDATA[22:2:	background-color: white !important;]]></error></testcase><testcase time="0" name="net.csslint.Disallow!important"><error message="Use of !important"><![CDATA[27:3:		width: 50% !important;]]></error></testcase><testcase time="0" name="net.csslint.Requirefallbackcolors"><error message="Fallback background-color (hex or RGB) should precede RGBA background-color."><![CDATA[51:2:	background-color: rgba(41, 40, 40, 0.78);]]></error></testcase><testcase time="0" name="net.csslint.Requirefallbackcolors"><error message="Fallback background-color (hex or RGB) should precede RGBA background-color."><![CDATA[63:2:	background-color: rgba(41, 40, 40, 1);]]></error></testcase></testsuite><testsuite time="0" tests="4" skipped="0" errors="4" failures="0" package="net.csslint" name="src/css/images/thumb.css"><testcase time="0" name="net.csslint.Bewareofbrokenboxsize"><error message="Using width with padding can sometimes make elements larger than you expect."><![CDATA[8:2:	padding: 3px;]]></error></testcase><testcase time="0" name="net.csslint.Bewareofbrokenboxsize"><error message="Using width with border can sometimes make elements larger than you expect."><![CDATA[9:2:	border: solid 1px #ACACAC;]]></error></testcase><testcase time="0" name="net.csslint.Requirestandardpropertywithvendorprefix"><error message="Standard property 'border-radius' should come after vendor-prefixed property '-moz-border-radius'."><![CDATA[16:2:	-moz-border-radius: 4px;]]></error></testcase><testcase time="0" name="net.csslint.Requirestandardpropertywithvendorprefix"><error message="Standard property 'border-radius' should come after vendor-prefixed property '-webkit-border-radius'."><![CDATA[17:2:	-webkit-border-radius: 4px;]]></error></testcase></testsuite><testsuite time="0" tests="1" skipped="0" errors="1" failures="0" package="net.csslint" name="src/css/misc/alert.css"><testcase time="0" name="net.csslint.Disallowadjoiningclasses"><error message="Don't use adjoining classes."><![CDATA[29:1:.alert.off{]]></error></testcase></testsuite><testsuite time="0" tests="1" skipped="0" errors="1" failures="0" package="net.csslint" name="src/css/misc/br.css"><testcase time="0" name="net.csslint.Disallowoverqualifiedelements"><error message="Element (br.lg) is overqualified, just use .lg without element name."><![CDATA[6:1:br.lg{]]></error></testcase></testsuite><testsuite time="0" tests="6" skipped="0" errors="6" failures="0" package="net.csslint" name="src/css/misc/hr.css"><testcase time="0" name="net.csslint.Requireallgradientdefinitions"><error message="Missing vendor-prefixed CSS gradients for Old Webkit (Safari 4+, Chrome)."><![CDATA[11:1:.hr-fade{]]></error></testcase><testcase time="0" name="net.csslint.Disallowoverqualifiedelements"><error message="Element (hr.empty) is overqualified, just use .empty without element name."><![CDATA[20:1:hr.empty{]]></error></testcase><testcase time="0" name="net.csslint.Disallowuseofbox-sizing"><error message="The box-sizing property isn't supported in IE6 and IE7."><![CDATA[25:5:    box-sizing: border-box;]]></error></testcase><testcase time="0" name="net.csslint.Disallowoverqualifiedelements"><error message="Element (hr.sm) is overqualified, just use .sm without element name."><![CDATA[29:1:hr.sm{]]></error></testcase><testcase time="0" name="net.csslint.Disallowoverqualifiedelements"><error message="Element (hr.md) is overqualified, just use .md without element name."><![CDATA[34:1:hr.md{]]></error></testcase><testcase time="0" name="net.csslint.Disallowoverqualifiedelements"><error message="Element (hr.lg) is overqualified, just use .lg without element name."><![CDATA[39:1:hr.lg{]]></error></testcase></testsuite><testsuite time="0" tests="3" skipped="0" errors="3" failures="0" package="net.csslint" name="src/css/misc/tooltip.css"><testcase time="0" name="net.csslint.Disallowunqualifiedattributeselectors"><error message="Unqualified attribute selectors are known to be slow."><![CDATA[6:1:[data-title]:hover:after{]]></error></testcase><testcase time="0" name="net.csslint.Requirestandardpropertywithvendorprefix"><error message="Standard property 'border-radius' should come after vendor-prefixed property '-moz-border-radius'."><![CDATA[18:2:	-moz-border-radius: 3px;]]></error></testcase><testcase time="0" name="net.csslint.Requirestandardpropertywithvendorprefix"><error message="Standard property 'border-radius' should come after vendor-prefixed property '-webkit-border-radius'."><![CDATA[19:2:	-webkit-border-radius: 3px;]]></error></testcase></testsuite><testsuite time="0" tests="8" skipped="0" errors="8" failures="0" package="net.csslint" name="src/css/modal/modal.css"><testcase time="0" name="net.csslint.Bewareofbrokenboxsize"><error message="Using width with padding can sometimes make elements larger than you expect."><![CDATA[13:2:	padding: 12px;]]></error></testcase><testcase time="0" name="net.csslint.Requirestandardpropertywithvendorprefix"><error message="Standard property 'box-shadow' should come after vendor-prefixed property '-moz-box-shadow'."><![CDATA[17:2:	-moz-box-shadow: 0 0 9px rgba(0,0,0,.5);]]></error></testcase><testcase time="0" name="net.csslint.Requirestandardpropertywithvendorprefix"><error message="Standard property 'box-shadow' should come after vendor-prefixed property '-webkit-box-shadow'."><![CDATA[18:2:	-webkit-box-shadow: 0 0 9px rgba(0,0,0,.5);]]></error></testcase><testcase time="0" name="net.csslint.Disallowadjoiningclasses"><error message="Don't use adjoining classes."><![CDATA[26:2:	.modal.md{]]></error></testcase><testcase time="0" name="net.csslint.Disallowadjoiningclasses"><error message="Don't use adjoining classes."><![CDATA[31:2:	.modal.lg{]]></error></testcase><testcase time="0" name="net.csslint.Disallowadjoiningclasses"><error message="Don't use adjoining classes."><![CDATA[36:2:	.modal.xl{]]></error></testcase><testcase time="0" name="net.csslint.Disallowuniversalselector"><error message="The universal selector (*) is known to be slow."><![CDATA[43:8:.modal *, .modal{]]></error></testcase><testcase time="0" name="net.csslint.Disallowuseofbox-sizing"><error message="The box-sizing property isn't supported in IE6 and IE7."><![CDATA[46:5:    box-sizing: border-box;]]></error></testcase></testsuite><testsuite time="0" tests="20" skipped="0" errors="20" failures="0" package="net.csslint" name="src/css/navigation/nav-top.css"><testcase time="0" name="net.csslint.Disallowunitsfor0values"><error message="Values of 0 shouldn't have units specified."><![CDATA[14:14:	box-shadow: 0px 3px 3px -2px rgba(0,0,0,.2);]]></error></testcase><testcase time="0" name="net.csslint.Requirestandardpropertywithvendorprefix"><error message="Standard property 'box-shadow' should come after vendor-prefixed property '-moz-box-shadow'."><![CDATA[15:2:	-moz-box-shadow: 0px 3px 3px -2px rgba(0,0,0,.2);]]></error></testcase><testcase time="0" name="net.csslint.Disallowunitsfor0values"><error message="Values of 0 shouldn't have units specified."><![CDATA[15:19:	-moz-box-shadow: 0px 3px 3px -2px rgba(0,0,0,.2);]]></error></testcase><testcase time="0" name="net.csslint.Disallowunitsfor0values"><error message="Values of 0 shouldn't have units specified."><![CDATA[16:22:	-webkit-box-shadow: 0px 3px 3px -2px rgba(0,0,0,.2);]]></error></testcase><testcase time="0" name="net.csslint.Requirestandardpropertywithvendorprefix"><error message="Standard property 'box-shadow' should come after vendor-prefixed property '-webkit-box-shadow'."><![CDATA[16:2:	-webkit-box-shadow: 0px 3px 3px -2px rgba(0,0,0,.2);]]></error></testcase><testcase time="0" name="net.csslint.Disallowadjoiningclasses"><error message="Don't use adjoining classes."><![CDATA[68:15:nav.nav-top &gt; ul.mobile-menu.opened{]]></error></testcase><testcase time="0" name="net.csslint.Disallowadjoiningclasses"><error message="Don't use adjoining classes."><![CDATA[72:1:nav.nav-top.active{]]></error></testcase><testcase time="0" name="net.csslint.Disallowadjoiningclasses"><error message="Don't use adjoining classes."><![CDATA[76:1:nav.nav-top.active &gt; ul:nth-child(2){]]></error></testcase><testcase time="0" name="net.csslint.Disallowadjoiningclasses"><error message="Don't use adjoining classes."><![CDATA[81:1:nav.nav-top.active &gt; ul:nth-child(2) &gt; li{]]></error></testcase><testcase time="0" name="net.csslint.Disallowemptyrules"><error message="Rule is empty."><![CDATA[81:1:nav.nav-top.active &gt; ul:nth-child(2) &gt; li{]]></error></testcase><testcase time="0" name="net.csslint.Disallowadjoiningclasses"><error message="Don't use adjoining classes."><![CDATA[85:1:nav.nav-top.active &gt; ul:nth-child(2) &gt; li &gt; a{]]></error></testcase><testcase time="0" name="net.csslint.Disallowadjoiningclasses"><error message="Don't use adjoining classes."><![CDATA[93:1:nav.nav-top.active &gt; ul:nth-child(2) &gt; li &gt; a:hover{]]></error></testcase><testcase time="0" name="net.csslint.Disallowduplicateproperties"><error message="Duplicate property 'position' found."><![CDATA[116:3:		position: absolute;]]></error></testcase><testcase time="0" name="net.csslint.Disallowoverqualifiedelements"><error message="Element (ul.dropdown) is overqualified, just use .dropdown without element name."><![CDATA[151:43:	nav.nav-top &gt; ul.menu-right &gt; li:hover &gt; ul.dropdown{]]></error></testcase><testcase time="0" name="net.csslint.Disallowemptyrules"><error message="Rule is empty."><![CDATA[156:2:	nav.nav-left{]]></error></testcase><testcase time="0" name="net.csslint.Disallowoverqualifiedelements"><error message="Element (nav.nav-left) is overqualified, just use .nav-left without element name."><![CDATA[156:2:	nav.nav-left{]]></error></testcase><testcase time="0" name="net.csslint.Disallowuniversalselector"><error message="The universal selector (*) is known to be slow."><![CDATA[219:45:	nav.nav-right .empty, nav.nav-right .empty *, nav.nav-right .empty:hover, nav.nav-right .empty *:hover{]]></error></testcase><testcase time="0" name="net.csslint.Disallowuniversalselector"><error message="The universal selector (*) is known to be slow."><![CDATA[219:97:	nav.nav-right .empty, nav.nav-right .empty *, nav.nav-right .empty:hover, nav.nav-right .empty *:hover{]]></error></testcase><testcase time="0" name="net.csslint.Requireuseofknownproperties"><error message="Expected (&lt;color&gt; | inherit) but found 'none'."><![CDATA[221:3:		background-color: none;]]></error></testcase><testcase time="0" name="net.csslint.Disallowoverqualifiedelements"><error message="Element (nav.affix-top) is overqualified, just use .affix-top without element name."><![CDATA[224:2:	nav.affix-top{]]></error></testcase></testsuite><testsuite time="0" tests="13" skipped="0" errors="13" failures="0" package="net.csslint" name="src/css/typography/bar-left-color.css"><testcase time="0" name="net.csslint.Disallowadjoiningclasses"><error message="Don't use adjoining classes."><![CDATA[6:1:.bar-left.blue{]]></error></testcase><testcase time="0" name="net.csslint.Requirefallbackcolors"><error message="Fallback border-left-color (hex or RGB) should precede RGBA border-left-color."><![CDATA[7:2:	border-left-color: rgba(18, 113, 235, 0.69);]]></error></testcase><testcase time="0" name="net.csslint.Disallowadjoiningclasses"><error message="Don't use adjoining classes."><![CDATA[10:1:.bar-left.grey{]]></error></testcase><testcase time="0" name="net.csslint.Requirefallbackcolors"><error message="Fallback border-left-color (hex or RGB) should precede RGBA border-left-color."><![CDATA[11:2:	border-left-color: rgba(210, 210, 210, 0.69);]]></error></testcase><testcase time="0" name="net.csslint.Disallowadjoiningclasses"><error message="Don't use adjoining classes."><![CDATA[14:1:.bar-left.red{]]></error></testcase><testcase time="0" name="net.csslint.Requirefallbackcolors"><error message="Fallback border-left-color (hex or RGB) should precede RGBA border-left-color."><![CDATA[15:2:	border-left-color: rgba(182, 85, 31, 0.69);]]></error></testcase><testcase time="0" name="net.csslint.Disallowadjoiningclasses"><error message="Don't use adjoining classes."><![CDATA[18:1:.bar-left.green{]]></error></testcase><testcase time="0" name="net.csslint.Requirefallbackcolors"><error message="Fallback border-left-color (hex or RGB) should precede RGBA border-left-color."><![CDATA[19:2:	border-left-color: rgba(27, 167, 83, 0.69);]]></error></testcase><testcase time="0" name="net.csslint.Disallowadjoiningclasses"><error message="Don't use adjoining classes."><![CDATA[22:1:.bar-left.orange{]]></error></testcase><testcase time="0" name="net.csslint.Requirefallbackcolors"><error message="Fallback border-left-color (hex or RGB) should precede RGBA border-left-color."><![CDATA[23:2:	border-left-color: rgba(189, 149, 24, 0.69);]]></error></testcase><testcase time="0" name="net.csslint.Disallowadjoiningclasses"><error message="Don't use adjoining classes."><![CDATA[26:1:.bar-left.pink{]]></error></testcase><testcase time="0" name="net.csslint.Disallowadjoiningclasses"><error message="Don't use adjoining classes."><![CDATA[30:1:.bar-left.peach{]]></error></testcase><testcase time="0" name="net.csslint.Disallowadjoiningclasses"><error message="Don't use adjoining classes."><![CDATA[34:1:.bar-left.white{]]></error></testcase></testsuite><testsuite time="0" tests="12" skipped="0" errors="12" failures="0" package="net.csslint" name="src/css/typography/bar-left.css"><testcase time="0" name="net.csslint.Disallowselectorsthatlooklikeregexs"><error message="Attribute selectors with *= are slow!"><![CDATA[6:1:[class*='bar-left']{]]></error></testcase><testcase time="0" name="net.csslint.Disallowunqualifiedattributeselectors"><error message="Unqualified attribute selectors are known to be slow."><![CDATA[6:1:[class*='bar-left']{]]></error></testcase><testcase time="0" name="net.csslint.Disallowadjoiningclasses"><error message="Don't use adjoining classes."><![CDATA[10:1:.bar-left.skinny{]]></error></testcase><testcase time="0" name="net.csslint.Disallowadjoiningclasses"><error message="Don't use adjoining classes."><![CDATA[18:1:.bar-left.thick{]]></error></testcase><testcase time="0" name="net.csslint.Disallowadjoiningclasses"><error message="Don't use adjoining classes."><![CDATA[22:1:.bar-left.sm, .bulge.sm{]]></error></testcase><testcase time="0" name="net.csslint.Disallowadjoiningclasses"><error message="Don't use adjoining classes."><![CDATA[22:15:.bar-left.sm, .bulge.sm{]]></error></testcase><testcase time="0" name="net.csslint.Disallowadjoiningclasses"><error message="Don't use adjoining classes."><![CDATA[27:1:.bar-left.md, .bulge.md{]]></error></testcase><testcase time="0" name="net.csslint.Disallowadjoiningclasses"><error message="Don't use adjoining classes."><![CDATA[27:15:.bar-left.md, .bulge.md{]]></error></testcase><testcase time="0" name="net.csslint.Disallowadjoiningclasses"><error message="Don't use adjoining classes."><![CDATA[32:1:.bar-left.lg, .bulge.lg{]]></error></testcase><testcase time="0" name="net.csslint.Disallowadjoiningclasses"><error message="Don't use adjoining classes."><![CDATA[32:15:.bar-left.lg, .bulge.lg{]]></error></testcase><testcase time="0" name="net.csslint.Disallowadjoiningclasses"><error message="Don't use adjoining classes."><![CDATA[37:1:.bar-left.xl, .bulge.xl{]]></error></testcase><testcase time="0" name="net.csslint.Disallowadjoiningclasses"><error message="Don't use adjoining classes."><![CDATA[37:15:.bar-left.xl, .bulge.xl{]]></error></testcase></testsuite></testsuites>